Spark Command: /usr/local/openjdk-11/bin/java -cp /opt/spark/conf/:/opt/spark/jars/* -Xmx1g org.apache.spark.deploy.history.HistoryServer
========================================
Using Spark's default log4j profile: org/apache/spark/log4j2-defaults.properties
25/07/13 12:38:33 INFO HistoryServer: Started daemon with process name: 135@1075c5ebde59
25/07/13 12:38:33 INFO SignalUtils: Registering signal handler for TERM
25/07/13 12:38:33 INFO SignalUtils: Registering signal handler for HUP
25/07/13 12:38:33 INFO SignalUtils: Registering signal handler for INT
25/07/13 12:38:33 WARN NativeCodeLoader: Unable to load native-hadoop library for your platform... using builtin-java classes where applicable
25/07/13 12:38:33 INFO SecurityManager: Changing view acls to: root
25/07/13 12:38:33 INFO SecurityManager: Changing modify acls to: root
25/07/13 12:38:33 INFO SecurityManager: Changing view acls groups to: 
25/07/13 12:38:33 INFO SecurityManager: Changing modify acls groups to: 
25/07/13 12:38:33 INFO SecurityManager: SecurityManager: authentication disabled; ui acls disabled; users  with view permissions: Set(root); groups with view permissions: Set(); users  with modify permissions: Set(root); groups with modify permissions: Set()
25/07/13 12:38:33 INFO FsHistoryProvider: History server ui acls disabled; users with admin permissions: ; groups with admin permissions: 
25/07/13 12:38:34 INFO Utils: Successfully started service 'HistoryServerUI' on port 18080.
25/07/13 12:38:34 INFO HistoryServer: Bound HistoryServer to 0.0.0.0, and started at http://127.0.0.1:18080
Exception in thread "main" java.io.FileNotFoundException: Log directory specified does not exist: file:/tmp/spark-events Did you configure the correct one through spark.history.fs.logDirectory?
	at org.apache.spark.deploy.history.FsHistoryProvider.startPolling(FsHistoryProvider.scala:299)
	at org.apache.spark.deploy.history.FsHistoryProvider.initialize(FsHistoryProvider.scala:244)
	at org.apache.spark.deploy.history.FsHistoryProvider.start(FsHistoryProvider.scala:421)
	at org.apache.spark.deploy.history.HistoryServer$.main(HistoryServer.scala:311)
	at org.apache.spark.deploy.history.HistoryServer.main(HistoryServer.scala)
Caused by: java.io.FileNotFoundException: File file:/tmp/spark-events does not exist
	at org.apache.hadoop.fs.RawLocalFileSystem.deprecatedGetFileStatus(RawLocalFileSystem.java:779)
	at org.apache.hadoop.fs.RawLocalFileSystem.getFileLinkStatusInternal(RawLocalFileSystem.java:1100)
	at org.apache.hadoop.fs.RawLocalFileSystem.getFileStatus(RawLocalFileSystem.java:769)
	at org.apache.hadoop.fs.FilterFileSystem.getFileStatus(FilterFileSystem.java:462)
	at org.apache.spark.deploy.history.FsHistoryProvider.startPolling(FsHistoryProvider.scala:289)
	... 4 more
