Spark Command: /usr/local/openjdk-11/bin/java -cp /opt/spark/conf/:/opt/spark/jars/* -Dspark.worker.cleanup.enabled=true -Xmx1g org.apache.spark.deploy.worker.Worker --webui-port 8081 --port 7080 spark://spark-master:7077
========================================
Using Spark's default log4j profile: org/apache/spark/log4j2-defaults.properties
25/07/13 12:38:27 INFO Worker: Started daemon with process name: 10@86252a506e0d
25/07/13 12:38:27 INFO SignalUtils: Registering signal handler for TERM
25/07/13 12:38:27 INFO SignalUtils: Registering signal handler for HUP
25/07/13 12:38:27 INFO SignalUtils: Registering signal handler for INT
25/07/13 12:38:28 WARN NativeCodeLoader: Unable to load native-hadoop library for your platform... using builtin-java classes where applicable
25/07/13 12:38:28 INFO SecurityManager: Changing view acls to: root
25/07/13 12:38:28 INFO SecurityManager: Changing modify acls to: root
25/07/13 12:38:28 INFO SecurityManager: Changing view acls groups to: 
25/07/13 12:38:28 INFO SecurityManager: Changing modify acls groups to: 
25/07/13 12:38:28 INFO SecurityManager: SecurityManager: authentication disabled; ui acls disabled; users  with view permissions: Set(root); groups with view permissions: Set(); users  with modify permissions: Set(root); groups with modify permissions: Set()
25/07/13 12:38:29 INFO Utils: Successfully started service 'sparkWorker' on port 7080.
25/07/13 12:38:29 INFO Worker: Worker decommissioning not enabled.
25/07/13 12:38:29 WARN ExternalShuffleService: 'spark.local.dir' should be set first when we use db in ExternalShuffleService. Note that this only affects standalone mode.
25/07/13 12:38:29 INFO Worker: Starting Spark worker 10.89.0.3:7080 with 2 cores, 2.0 GiB RAM
25/07/13 12:38:29 INFO Worker: Running Spark version 3.3.2
25/07/13 12:38:29 INFO Worker: Spark home: /opt/spark
25/07/13 12:38:29 INFO ExternalShuffleService: Starting shuffle service on port 7337 (auth enabled = false)
25/07/13 12:38:29 INFO ResourceUtils: ==============================================================
25/07/13 12:38:29 INFO ResourceUtils: No custom resources configured for spark.worker.
25/07/13 12:38:29 INFO ResourceUtils: ==============================================================
25/07/13 12:38:30 INFO Utils: Successfully started service 'WorkerUI' on port 8081.
25/07/13 12:38:30 INFO WorkerWebUI: Bound WorkerWebUI to 0.0.0.0, and started at http://127.0.0.1:8081
25/07/13 12:38:30 INFO Worker: Connecting to master spark-master:7077...
25/07/13 12:38:30 INFO TransportClientFactory: Successfully created connection to spark-master/10.89.0.2:7077 after 178 ms (0 ms spent in bootstraps)
25/07/13 12:38:31 INFO Worker: Successfully registered with master spark://1075c5ebde59:7077
25/07/13 12:38:31 INFO Worker: Worker cleanup enabled; old application directories will be deleted in: /opt/spark/work
