Spark Command: /usr/local/openjdk-11/bin/java -cp /opt/spark/conf/:/opt/spark/jars/* -Xmx1g org.apache.spark.deploy.master.Master --host 1075c5ebde59 --port 7077 --webui-port 8080
========================================
Using Spark's default log4j profile: org/apache/spark/log4j2-defaults.properties
25/07/13 12:38:27 INFO Master: Started daemon with process name: 12@1075c5ebde59
25/07/13 12:38:27 INFO SignalUtils: Registering signal handler for TERM
25/07/13 12:38:27 INFO SignalUtils: Registering signal handler for HUP
25/07/13 12:38:27 INFO SignalUtils: Registering signal handler for INT
25/07/13 12:38:28 WARN NativeCodeLoader: Unable to load native-hadoop library for your platform... using builtin-java classes where applicable
25/07/13 12:38:28 INFO SecurityManager: Changing view acls to: root
25/07/13 12:38:28 INFO SecurityManager: Changing modify acls to: root
25/07/13 12:38:28 INFO SecurityManager: Changing view acls groups to: 
25/07/13 12:38:28 INFO SecurityManager: Changing modify acls groups to: 
25/07/13 12:38:28 INFO SecurityManager: SecurityManager: authentication disabled; ui acls disabled; users  with view permissions: Set(root); groups with view permissions: Set(); users  with modify permissions: Set(root); groups with modify permissions: Set()
25/07/13 12:38:29 INFO Utils: Successfully started service 'sparkMaster' on port 7077.
25/07/13 12:38:29 INFO Master: Starting Spark master at spark://1075c5ebde59:7077
25/07/13 12:38:29 INFO Master: Running Spark version 3.3.2
25/07/13 12:38:29 INFO Utils: Successfully started service 'MasterUI' on port 8080.
25/07/13 12:38:30 INFO MasterWebUI: Bound MasterWebUI to 0.0.0.0, and started at http://127.0.0.1:8080
25/07/13 12:38:30 INFO Master: I have been elected leader! New state: ALIVE
25/07/13 12:38:31 INFO Master: Registering worker 10.89.0.3:7080 with 2 cores, 2.0 GiB RAM
